2020-06-03 12:25:30,464 - Loaded System Directive: org.apache.velocity.runtime.directive.Foreach
2020-06-03 12:25:30,479 - Created '20' parsers.
2020-06-03 12:25:30,483 - Velocimacro : "velocimacro.library" is not set.  Trying default library: VM_global_library.vm
2020-06-03 12:25:30,483 - Velocimacro : Default library not found.
2020-06-03 12:25:30,483 - Velocimacro : allowInline = true : VMs can be defined inline in templates
2020-06-03 12:25:30,483 - Velocimacro : allowInlineToOverride = false : VMs defined inline may NOT replace previous VM definitions
2020-06-03 12:25:30,483 - Velocimacro : allowInlineLocal = false : VMs defined inline will be global in scope if allowed.
2020-06-03 12:25:30,483 - Velocimacro : autoload off : VM system will not automatically reload global library macros
2020-06-03 12:41:02,444 - Log4JLogChute initialized using file 'velocity.log'
2020-06-03 12:41:02,444 - Velocity was not initialized! Calling init()...
2020-06-03 12:41:02,444 - Starting Apache Velocity v1.5 (compiled: 2007-02-22 08:52:29)
2020-06-03 12:41:02,444 - Default Properties File: org\apache\velocity\runtime\defaults\velocity.properties
2020-06-03 12:41:02,444 - Trying to use logger class org.apache.velocity.runtime.log.AvalonLogChute
2020-06-03 12:41:02,445 - Couldn't find class org.apache.velocity.runtime.log.AvalonLogChute or necessary supporting classes in classpath.
java.lang.NoClassDefFoundError: org/apache/log/format/Formatter
	at java.base/java.lang.Class.forName0(Native Method)
	at java.base/java.lang.Class.forName(Class.java:398)
	at org.apache.velocity.util.ClassUtils.getClass(ClassUtils.java:63)
	at org.apache.velocity.util.ClassUtils.getNewInstance(ClassUtils.java:95)
	at org.apache.velocity.runtime.log.LogManager.createLogChute(LogManager.java:147)
	at org.apache.velocity.runtime.log.LogManager.updateLog(LogManager.java:208)
	at org.apache.velocity.runtime.RuntimeInstance.initializeLog(RuntimeInstance.java:728)
	at org.apache.velocity.runtime.RuntimeInstance.init(RuntimeInstance.java:240)
	at org.apache.velocity.runtime.RuntimeInstance.parse(RuntimeInstance.java:993)
	at org.apache.velocity.runtime.RuntimeInstance.parse(RuntimeInstance.java:972)
	at org.apache.velocity.runtime.RuntimeSingleton.parse(RuntimeSingleton.java:265)
	at org.apache.velocity.app.Velocity.evaluate(Velocity.java:274)
	at ru.drsdgdbye.wheather.WeatherFormatter.format(WeatherFormatter.java:24)
	at ru.drsdgdbye.wheather.Main.main(Main.java:22)
Caused by: java.lang.ClassNotFoundException: org.apache.log.format.Formatter
	at java.base/jdk.internal.loader.BuiltinClassLoader.loadClass(BuiltinClassLoader.java:581)
	at java.base/jdk.internal.loader.ClassLoaders$AppClassLoader.loadClass(ClassLoaders.java:178)
	at java.base/java.lang.ClassLoader.loadClass(ClassLoader.java:521)
	... 14 more
2020-06-03 12:41:02,447 - Trying to use logger class org.apache.velocity.runtime.log.Log4JLogChute
2020-06-03 12:41:02,447 - Using logger class org.apache.velocity.runtime.log.Log4JLogChute
2020-06-03 12:41:02,449 - Default ResourceManager initializing. (class org.apache.velocity.runtime.resource.ResourceManagerImpl)
2020-06-03 12:41:02,451 - ResourceLoader instantiated: org.apache.velocity.runtime.resource.loader.FileResourceLoader
2020-06-03 12:41:02,452 - Do unicode file recognition:  false
2020-06-03 12:41:02,452 - FileResourceLoader : adding path '.'
2020-06-03 12:41:02,459 - ResourceCache: initialized (class org.apache.velocity.runtime.resource.ResourceCacheImpl)
2020-06-03 12:41:02,460 - Loaded System Directive: org.apache.velocity.runtime.directive.Literal
2020-06-03 12:41:02,461 - Loaded System Directive: org.apache.velocity.runtime.directive.Macro
2020-06-03 12:41:02,461 - Loaded System Directive: org.apache.velocity.runtime.directive.Parse
2020-06-03 12:41:02,462 - Loaded System Directive: org.apache.velocity.runtime.directive.Include
2020-06-03 12:41:02,463 - Loaded System Directive: org.apache.velocity.runtime.directive.Foreach
2020-06-03 12:41:02,479 - Created '20' parsers.
2020-06-03 12:41:02,483 - Velocimacro : "velocimacro.library" is not set.  Trying default library: VM_global_library.vm
2020-06-03 12:41:02,483 - Velocimacro : Default library not found.
2020-06-03 12:41:02,483 - Velocimacro : allowInline = true : VMs can be defined inline in templates
2020-06-03 12:41:02,483 - Velocimacro : allowInlineToOverride = false : VMs defined inline may NOT replace previous VM definitions
2020-06-03 12:41:02,483 - Velocimacro : allowInlineLocal = false : VMs defined inline will be global in scope if allowed.
2020-06-03 12:41:02,483 - Velocimacro : autoload off : VM system will not automatically reload global library macros
